[18:06:52] [main/INFO]: Environment: authHost='https://authserver.mojang.com', accountsHost='https://api.mojang.com', sessionHost='https://sessionserver.mojang.com', name='PROD'
[18:06:52] [main/WARN]: Ambiguity between arguments [teleport, destination] and [teleport, targets] with inputs: [Player, 0123, @e, dd12be42-52a9-4a91-a8a1-11c01849e498]
[18:06:52] [main/WARN]: Ambiguity between arguments [teleport, location] and [teleport, destination] with inputs: [0.1 -0.5 .9, 0 0 0]
[18:06:52] [main/WARN]: Ambiguity between arguments [teleport, location] and [teleport, targets] with inputs: [0.1 -0.5 .9, 0 0 0]
[18:06:52] [main/WARN]: Ambiguity between arguments [teleport, targets] and [teleport, destination] with inputs: [Player, 0123, dd12be42-52a9-4a91-a8a1-11c01849e498]
[18:06:52] [main/WARN]: Ambiguity between arguments [teleport, targets, location] and [teleport, targets, destination] with inputs: [0.1 -0.5 .9, 0 0 0]
[18:06:52] [main/INFO]: Reloading ResourceManager: Default
[18:06:53] [Worker-Main-12/INFO]: Loaded 7 recipes
[18:06:53] [Worker-Main-12/INFO]: Loaded 927 advancements
[18:06:53] [Server thread/INFO]: Starting minecraft server version 1.16.1
[18:06:53] [Server thread/INFO]: Loading properties
[18:06:53] [Server thread/INFO]: Default game type: SURVIVAL
[18:06:53] [Server thread/INFO]: Generating keypair
[18:06:54] [Server thread/INFO]: Starting Minecraft server on *:25565
[18:06:54] [Server thread/INFO]: Using default channel type
[18:06:55] [Server thread/WARN]: **** SERVER IS RUNNING IN OFFLINE/INSECURE MODE!
[18:06:55] [Server thread/WARN]: The server will make no attempt to authenticate usernames. Beware.
[18:06:55] [Server thread/WARN]: While this makes the game possible to play without internet access, it also opens up the ability for hackers to connect with any username they choose.
[18:06:55] [Server thread/WARN]: To change this, set "online-mode" to "true" in the server.properties file.
[18:06:55] [Server thread/INFO]: Preparing level "world"
[18:06:55] [Server thread/INFO]: Preparing start region for dimension minecraft:overworld
[18:06:56] [Server thread/INFO]: Preparing spawn area: 0%
[18:06:56] [Server thread/INFO]: Preparing spawn area: 0%
[18:06:56] [Server thread/INFO]: Preparing spawn area: 0%
[18:06:59] [Worker-Main-9/INFO]: Preparing spawn area: 83%
[18:06:59] [Worker-Main-11/INFO]: Preparing spawn area: 83%
[18:06:59] [Worker-Main-11/INFO]: Preparing spawn area: 83%
[18:06:59] [Worker-Main-11/INFO]: Preparing spawn area: 83%
[18:06:59] [Worker-Main-11/INFO]: Preparing spawn area: 83%
[18:06:59] [Worker-Main-14/INFO]: Preparing spawn area: 83%
[18:06:59] [Worker-Main-14/INFO]: Preparing spawn area: 83%
[18:07:00] [Worker-Main-14/INFO]: Preparing spawn area: 95%
[18:07:00] [Worker-Main-9/INFO]: Preparing spawn area: 95%
[18:07:01] [Worker-Main-8/INFO]: Preparing spawn area: 99%
[18:07:01] [Server thread/INFO]: Time elapsed: 6307 ms
[18:07:01] [Server thread/INFO]: Done (6.411s)! For help, type "help"
[18:08:05] [Server thread/INFO]: zMadMark[/127.0.0.1:52953] logged in with entity id 170 at (-143.56437484518986, 63.0, 13.520916894143125)
[18:08:05] [Server thread/INFO]: zMadMark joined the game
[18:08:21] [Server thread/INFO]: zMadMark fell out of the world
[18:08:21] [Server thread/INFO]: Killed zMadMark
[18:08:58] [Server thread/INFO]: zMadMark fell out of the world
[18:08:58] [Server thread/INFO]: Killed zMadMark
[18:09:10] [Server thread/INFO]: zMadMark lost connection: Disconnected
[18:09:10] [Server thread/INFO]: zMadMark left the game
[18:09:16] [Server thread/INFO]: Stopping the server
[18:09:16] [Server thread/INFO]: Stopping server
[18:09:16] [Server thread/INFO]: Saving players
[18:09:16] [Server thread/INFO]: Saving worlds
[18:09:16] [Server thread/INFO]: Saving chunks for level 'ServerLevel[world]'/minecraft:overworld
[18:09:19] [Server thread/INFO]: ThreadedAnvilChunkStorage (world): All chunks are saved
[18:09:19] [Server thread/INFO]: Saving chunks for level 'ServerLevel[world]'/minecraft:the_nether
[18:09:19] [Server thread/INFO]: ThreadedAnvilChunkStorage (DIM-1): All chunks are saved
[18:09:19] [Server thread/INFO]: Saving chunks for level 'ServerLevel[world]'/minecraft:the_end
[18:09:19] [Server thread/INFO]: ThreadedAnvilChunkStorage (DIM1): All chunks are saved
[18:09:20] [Server thread/INFO]: ThreadedAnvilChunkStorage (world): All chunks are saved
[18:09:20] [Server thread/INFO]: ThreadedAnvilChunkStorage (DIM-1): All chunks are saved
[18:09:20] [Server thread/INFO]: ThreadedAnvilChunkStorage (DIM1): All chunks are saved
